This is pdfTeX, Version 3.14159-1.10a (Web2C 7.4.5) (format=pdftex 2003.5.8)  14 OCT 2003 16:52
**manual
(./manual.tex{/var/lib/texmf/pdftex/config/pdftex.cfg}
(../../../doc/gapmacro.tex (/usr/share/texmf/tex/plain/amsfonts/amssym.tex
(/usr/share/texmf/tex/plain/amsfonts/amssym.def
\msafam=\fam8
\msbfam=\fam9
\eufmfam=\fam10
))
Running PDFTeX
\pagewidth=\dimen16
\pageheight=\dimen17
\colwidth=\dimen18
\partialpage=\box16
\origvsize=\dimen19
\manindent=\dimen20
\smallmanindent=\dimen21
\msbfam=\fam11
\labelout=\write0
\indexout=\write1
\secindout=\write2
\tocout=\write3
\citeout=\write4
\ans=\write5
\labelin=\read0
\indexin=\read1
\tocin=\read2
\citein=\read3
\secno=\count26
\subsecno=\count27
\exno=\count28
\indentno=\count29
\chapnum=\count30
\ortoks=\toks12
) (../../../doc/ext/manual.lab) (../../../doc/ref/manual.lab) [1{/var/lib/texmf
/dvips/config/pdftex.map}]
\makelabel{aclib:Contents}{{\setbox 0=\hbox {1}\vrule width 0pt height\ht 0}}
Chapter `Contents' .
(./manual.toc) [2.1
\chapcontents {\tocstrut }{Contents}{2}
] (./manual.lab)
\openout3 = `manual.toc'.

\openout0 = `manual.lab'.

\openout1 = `manual.idx'.

\openout2 = `manual.six'.

\openout4 = `manual.aux'.

 (./intro.tex
Chapter `The Almost Crystallographic Groups Package' .
[3.1]) (./algos.tex [4.1]
Chapter `Algorithms for almost crystallographic groups' .
[5.2]) (./aclib.tex [6.2]
Chapter `The catalog of almost crystallographic groups' .
[7.3] [8.3] [9.3] [10.3]) (./examp.tex [11.3]
Chapter `Example computations with almost crystallographic groups' .
[12.4] [13.4] [14.4]) [15.4]
Chapter `Bibliography' .
(./manual.bbl) [16.5]
Chapter `Index' .
(./manual.ind) [17.6]
##
## Citations for BibTeX written on manual.aux.
## Index entries for makeindex written on manual.idx.
## Section index entries written on manual.six.
## Label definitions written on manual.lab.
## Table of contents written on manual.toc.
##
 ){/usr/share/texmf/dvips/tetex/bbad153f.enc}</usr/share/texmf/fonts/type1/blue
sky/cm/cmsy5.pfb></usr/share/texmf/fonts/type1/bluesky/cm/cmex10.pfb>{/usr/shar
e/texmf/dvips/tetex/0ef0afca.enc}</usr/share/texmf/fonts/type1/bluesky/cm/cmr5.
pfb></usr/share/texmf/fonts/type1/bluesky/symbols/msam7.pfb>{/usr/share/texmf/d
vips/tetex/f7b6d320.enc}</usr/share/texmf/fonts/type1/bluesky/cm/cmr8.pfb></usr
/share/texmf/fonts/type1/bluesky/cm/cmsl10.pfb>{/usr/share/texmf/dvips/tetex/aa
e443f0.enc}</usr/share/texmf/fonts/type1/bluesky/cm/cmmi7.pfb></usr/share/texmf
/fonts/type1/bluesky/cm/cmsy7.pfb></usr/share/texmf/fonts/type1/bluesky/cm/cmmi
10.pfb></usr/share/texmf/fonts/type1/bluesky/cm/cmsy10.pfb>{/usr/share/texmf/dv
ips/tetex/09fbbfac.enc}</usr/share/texmf/fonts/type1/bluesky/cm/cmtt10.pfb></us
r/share/texmf/fonts/type1/bluesky/cm/cmss10.pfb></usr/share/texmf/fonts/type1/b
luesky/cm/cmr7.pfb></usr/share/texmf/fonts/type1/bluesky/symbols/msbm10.pfb>{/u
sr/share/texmf/dvips/tetex/74afc74c.enc}</usr/share/texmf/fonts/type1/bluesky/c
m/cmti10.pfb>{/usr/share/texmf/dvips/tetex/1b6d048e.enc}</usr/share/texmf/fonts
/type1/bluesky/cm/cminch.pfb></usr/share/texmf/fonts/type1/bluesky/cm/cmbx10.pf
b></usr/share/texmf/fonts/type1/bluesky/cm/cmr10.pfb></usr/share/texmf/fonts/ty
pe1/bluesky/cm/cmssdc10.pfb>
Output written on manual.pdf (17 pages, 175988 bytes).
